09:41:18 Запрошенный доступ к реестру запрещен.
09:41:18 Старт приложения. Инициализация.
09:41:18 Версия ПО:1.0.0.0
09:41:18 Доступные COM порты: COM3 
09:44:38 Запрошенный доступ к реестру запрещен.
09:44:38 Старт приложения. Инициализация.
09:44:38 Версия ПО:1.0.0.0
09:44:38 Доступные COM порты: COM3 
10:10:29 Запрошенный доступ к реестру запрещен.
10:10:29 Старт приложения. Инициализация.
10:10:29 Версия ПО:1.0.0.0
10:10:29 Доступные COM порты: COM3 
10:18:36 Запрошенный доступ к реестру запрещен.
10:18:36 Старт приложения. Инициализация.
10:18:36 Версия ПО:1.0.0.0
10:19:11 Доступные COM порты: COM3 
10:19:14 Принтер NULL, подключен к порту 
11:15:26 Запрошенный доступ к реестру запрещен.
11:15:26 Старт приложения. Инициализация.
11:15:26 Версия ПО:1.0.0.0
11:15:27 Доступные COM порты: 
11:15:27 Принтер NULL, подключен к порту 
11:15:27 	Не найден купюрник. Не работаем.
11:15:27 Загрузка информации о терминале.
12:11:15 Запрошенный доступ к реестру запрещен.
12:11:15 Старт приложения. Инициализация.
12:11:15 Версия ПО:1.0.0.0
12:11:15 Доступные COM порты: 
12:11:15 Принтер NULL, подключен к порту 
12:11:15 	Не найден купюрник. Не работаем.
12:11:15 Загрузка информации о терминале.
12:11:36 Запрошенный доступ к реестру запрещен.
12:11:36 Старт приложения. Инициализация.
12:11:36 Версия ПО:1.0.0.0
12:11:36 Доступные COM порты: 
12:11:36 Принтер NULL, подключен к порту 
12:11:36 	Не найден купюрник. Не работаем.
12:11:36 Загрузка информации о терминале.
12:12:02 Запрошенный доступ к реестру запрещен.
12:12:02 Старт приложения. Инициализация.
12:12:02 Версия ПО:1.0.0.0
12:12:02 Доступные COM порты: 
12:12:02 Принтер NULL, подключен к порту 
12:12:02 	Не найден купюрник. Не работаем.
12:12:02 Загрузка информации о терминале.
12:13:15 Запрошенный доступ к реестру запрещен.
12:13:15 Старт приложения. Инициализация.
12:13:15 Версия ПО:1.0.0.0
12:13:15 Доступные COM порты: 
12:13:15 Принтер NULL, подключен к порту 
12:13:15 	Не найден купюрник. Не работаем.
12:13:15 Загрузка информации о терминале.
12:13:37 Запрошенный доступ к реестру запрещен.
12:13:37 Старт приложения. Инициализация.
12:13:37 Версия ПО:1.0.0.0
12:13:37 Доступные COM порты: 
12:13:37 Принтер NULL, подключен к порту 
12:13:37 	Не найден купюрник. Не работаем.
12:13:37 Загрузка информации о терминале.
12:14:23 Запрошенный доступ к реестру запрещен.
12:14:23 Старт приложения. Инициализация.
12:14:23 Версия ПО:1.0.0.0
12:14:23 Доступные COM порты: 
12:14:23 Принтер NULL, подключен к порту 
12:14:23 	Не найден купюрник. Не работаем.
12:14:23 Загрузка информации о терминале.
12:14:59 Запрошенный доступ к реестру запрещен.
12:14:59 Старт приложения. Инициализация.
12:14:59 Версия ПО:1.0.0.0
12:14:59 Доступные COM порты: 
12:14:59 Принтер NULL, подключен к порту 
12:14:59 	Не найден купюрник. Не работаем.
12:14:59 Загрузка информации о терминале.
12:15:22 Запрошенный доступ к реестру запрещен.
12:15:22 Старт приложения. Инициализация.
12:15:22 Версия ПО:1.0.0.0
12:15:22 Доступные COM порты: 
12:15:22 Принтер NULL, подключен к порту 
12:15:22 	Не найден купюрник. Не работаем.
12:15:22 Загрузка информации о терминале.
12:15:37 Запрошенный доступ к реестру запрещен.
12:15:37 Старт приложения. Инициализация.
12:15:37 Версия ПО:1.0.0.0
12:15:37 Доступные COM порты: 
12:15:37 Принтер NULL, подключен к порту 
12:15:37 	Не найден купюрник. Не работаем.
12:15:37 Загрузка информации о терминале.
12:20:55 Запрошенный доступ к реестру запрещен.
12:20:55 Старт приложения. Инициализация.
12:20:55 Версия ПО:1.0.0.0
12:20:55 Доступные COM порты: COM3 
12:20:58 Принтер NULL, подключен к порту 
12:20:59 	Не найден купюрник. Не работаем.
12:21:00 Загрузка информации о терминале.
12:21:24 Запрошенный доступ к реестру запрещен.
12:21:25 Старт приложения. Инициализация.
12:21:25 Версия ПО:1.0.0.0
12:21:25 Доступные COM порты: COM3 
12:21:28 Принтер NULL, подключен к порту 
12:21:28 	Не найден купюрник. Не работаем.
12:21:29 Загрузка информации о терминале.
12:27:07 Запрошенный доступ к реестру запрещен.
12:27:07 Старт приложения. Инициализация.
12:27:07 Версия ПО:1.0.0.0
12:27:07 Доступные COM порты: COM3 
12:27:10 Принтер NULL, подключен к порту 
12:27:10 	Не найден купюрник. Не работаем.
12:27:12 Загрузка информации о терминале.
12:28:11 Запрошенный доступ к реестру запрещен.
12:28:11 Старт приложения. Инициализация.
12:28:11 Версия ПО:1.0.0.0
12:28:11 Доступные COM порты: COM3 
12:28:14 Принтер NULL, подключен к порту 
12:28:15 	Не найден купюрник. Не работаем.
12:28:16 Загрузка информации о терминале.
12:28:55 Запрошенный доступ к реестру запрещен.
12:28:55 Старт приложения. Инициализация.
12:28:55 Версия ПО:1.0.0.0
12:28:55 Доступные COM порты: COM3 
12:28:58 Принтер NULL, подключен к порту 
12:28:58 	Не найден купюрник. Не работаем.
12:28:59 Загрузка информации о терминале.
12:29:24 Запрошенный доступ к реестру запрещен.
12:29:24 Старт приложения. Инициализация.
12:29:24 Версия ПО:1.0.0.0
12:29:24 Доступные COM порты: COM3 
12:29:27 Принтер NULL, подключен к порту 
12:29:27 	Не найден купюрник. Не работаем.
12:29:28 Загрузка информации о терминале.
12:30:17 Запрошенный доступ к реестру запрещен.
12:30:17 Старт приложения. Инициализация.
12:30:17 Версия ПО:1.0.0.0
12:30:17 Доступные COM порты: COM3 
12:30:20 Принтер NULL, подключен к порту 
12:30:21 	Не найден купюрник. Не работаем.
12:30:22 Загрузка информации о терминале.
12:33:13 Запрошенный доступ к реестру запрещен.
12:33:13 Старт приложения. Инициализация.
12:33:13 Версия ПО:1.0.0.0
12:33:13 Доступные COM порты: COM3 
12:33:16 Принтер NULL, подключен к порту 
12:33:17 	Не найден купюрник. Не работаем.
12:33:18 Загрузка информации о терминале.
12:34:12 Запрошенный доступ к реестру запрещен.
12:34:12 Старт приложения. Инициализация.
12:34:12 Версия ПО:1.0.0.0
12:34:12 Доступные COM порты: COM3 
12:34:15 Принтер NULL, подключен к порту 
12:34:16 	Не найден купюрник. Не работаем.
12:34:17 Загрузка информации о терминале.
12:35:23 Запрошенный доступ к реестру запрещен.
12:35:23 Старт приложения. Инициализация.
12:35:23 Версия ПО:1.0.0.0
12:35:23 Доступные COM порты: COM3 
12:35:26 Принтер NULL, подключен к порту 
12:35:26 	Не найден купюрник. Не работаем.
12:35:27 Загрузка информации о терминале.
12:36:23 Запрошенный доступ к реестру запрещен.
12:36:23 Старт приложения. Инициализация.
12:36:23 Версия ПО:1.0.0.0
12:36:23 Доступные COM порты: COM3 
12:36:26 Принтер NULL, подключен к порту 
12:36:26 	Не найден купюрник. Не работаем.
12:36:28 Загрузка информации о терминале.
12:37:56 Запрошенный доступ к реестру запрещен.
12:37:56 Старт приложения. Инициализация.
12:37:56 Версия ПО:1.0.0.0
12:37:56 Доступные COM порты: COM3 
12:37:59 Принтер NULL, подключен к порту 
12:38:00 	Не найден купюрник. Не работаем.
12:38:01 Загрузка информации о терминале.
12:40:00 Запрошенный доступ к реестру запрещен.
12:40:00 Старт приложения. Инициализация.
12:40:00 Версия ПО:1.0.0.0
12:40:00 Доступные COM порты: 
12:40:00 Принтер NULL, подключен к порту 
12:40:00 	Не найден купюрник. Не работаем.
12:40:00 Загрузка информации о терминале.
12:41:30 Запрошенный доступ к реестру запрещен.
12:41:30 Старт приложения. Инициализация.
12:41:30 Версия ПО:1.0.0.0
12:41:30 Доступные COM порты: 
12:41:30 Принтер NULL, подключен к порту 
12:41:30 	Не найден купюрник. Не работаем.
12:41:30 Загрузка информации о терминале.
12:42:55 Запрошенный доступ к реестру запрещен.
12:42:55 Старт приложения. Инициализация.
12:42:55 Версия ПО:1.0.0.0
12:42:55 Доступные COM порты: 
12:42:55 Принтер NULL, подключен к порту 
12:42:55 	Не найден купюрник. Не работаем.
12:42:55 Загрузка информации о терминале.
12:44:56 Запрошенный доступ к реестру запрещен.
12:44:56 Старт приложения. Инициализация.
12:44:56 Версия ПО:1.0.0.0
12:44:56 Доступные COM порты: 
12:44:56 Принтер NULL, подключен к порту 
12:44:56 	Не найден купюрник. Не работаем.
12:44:56 Загрузка информации о терминале.
12:47:11 Запрошенный доступ к реестру запрещен.
12:47:11 Старт приложения. Инициализация.
12:47:11 Версия ПО:1.0.0.0
12:47:11 Доступные COM порты: 
12:47:11 Принтер NULL, подключен к порту 
12:47:11 	Не найден купюрник. Не работаем.
12:47:11 Загрузка информации о терминале.
12:48:55 Запрошенный доступ к реестру запрещен.
12:48:55 Старт приложения. Инициализация.
12:48:55 Версия ПО:1.0.0.0
12:48:55 Доступные COM порты: 
12:48:55 Принтер NULL, подключен к порту 
12:48:55 	Не найден купюрник. Не работаем.
12:48:56 Загрузка информации о терминале.
12:56:30 Запрошенный доступ к реестру запрещен.
12:56:30 Старт приложения. Инициализация.
12:56:30 Версия ПО:1.0.0.0
12:56:30 Доступные COM порты: 
12:56:30 Принтер NULL, подключен к порту 
12:56:30 	Не найден купюрник. Не работаем.
12:56:30 Загрузка информации о терминале.
12:56:31 Файл "C:\WorkPrograms\_Automats\Zeus18\Zeus18\bin\Debug\config\tpin.xml" не найден.
12:57:13 Запрошенный доступ к реестру запрещен.
12:57:13 Старт приложения. Инициализация.
12:57:13 Версия ПО:1.0.0.0
12:57:13 Доступные COM порты: 
12:57:13 Принтер NULL, подключен к порту 
12:57:13 	Не найден купюрник. Не работаем.
12:57:13 Загрузка информации о терминале.
12:57:14 Файл "C:\WorkPrograms\_Automats\Zeus18\Zeus18\bin\Debug\config\tpin.xml" не найден.
12:57:28 Запрошенный доступ к реестру запрещен.
12:57:28 Старт приложения. Инициализация.
12:57:28 Версия ПО:1.0.0.0
12:57:28 Доступные COM порты: 
12:57:28 Принтер NULL, подключен к порту 
12:57:28 	Не найден купюрник. Не работаем.
12:57:28 Загрузка информации о терминале.
12:57:43 Файл "C:\WorkPrograms\_Automats\Zeus18\Zeus18\bin\Debug\config\tpin.xml" не найден.
12:57:57 Запрошенный доступ к реестру запрещен.
12:57:57 Старт приложения. Инициализация.
12:57:57 Версия ПО:1.0.0.0
12:57:57 Доступные COM порты: 
12:57:57 Принтер NULL, подключен к порту 
12:57:57 	Не найден купюрник. Не работаем.
12:57:57 Загрузка информации о терминале.
12:58:11 Запрошенный доступ к реестру запрещен.
12:58:11 Старт приложения. Инициализация.
12:58:11 Версия ПО:1.0.0.0
12:58:11 Доступные COM порты: 
12:58:11 Принтер NULL, подключен к порту 
12:58:11 	Не найден купюрник. Не работаем.
12:58:11 Загрузка информации о терминале.
12:58:16 В документе XML (1, 2) присутствует ошибка.
12:59:14 Запрошенный доступ к реестру запрещен.
12:59:14 Старт приложения. Инициализация.
12:59:14 Версия ПО:1.0.0.0
12:59:14 Доступные COM порты: 
12:59:14 Принтер NULL, подключен к порту 
12:59:14 	Не найден купюрник. Не работаем.
12:59:14 Загрузка информации о терминале.
12:59:45 Запрошенный доступ к реестру запрещен.
12:59:45 Старт приложения. Инициализация.
12:59:45 Версия ПО:1.0.0.0
12:59:45 Доступные COM порты: 
12:59:45 Принтер NULL, подключен к порту 
12:59:45 	Не найден купюрник. Не работаем.
12:59:45 Загрузка информации о терминале.
