11:15:27 
-------------------------------------------------------
11:15:27 Поиск купюроприемника
11:15:27 Поиск доступных портов...
11:15:27 Выход
12:11:15 
-------------------------------------------------------
12:11:15 Поиск купюроприемника
12:11:15 Поиск доступных портов...
12:11:15 Выход
12:11:36 
-------------------------------------------------------
12:11:36 Поиск купюроприемника
12:11:36 Поиск доступных портов...
12:11:36 Выход
12:12:02 
-------------------------------------------------------
12:12:02 Поиск купюроприемника
12:12:02 Поиск доступных портов...
12:12:02 Выход
12:13:15 
-------------------------------------------------------
12:13:15 Поиск купюроприемника
12:13:15 Поиск доступных портов...
12:13:15 Выход
12:13:37 
-------------------------------------------------------
12:13:37 Поиск купюроприемника
12:13:37 Поиск доступных портов...
12:13:37 Выход
12:14:23 
-------------------------------------------------------
12:14:23 Поиск купюроприемника
12:14:23 Поиск доступных портов...
12:14:23 Выход
12:14:59 
-------------------------------------------------------
12:14:59 Поиск купюроприемника
12:14:59 Поиск доступных портов...
12:14:59 Выход
12:15:22 
-------------------------------------------------------
12:15:22 Поиск купюроприемника
12:15:22 Поиск доступных портов...
12:15:22 Выход
12:15:37 
-------------------------------------------------------
12:15:37 Поиск купюроприемника
12:15:37 Поиск доступных портов...
12:15:37 Выход
12:20:58 
-------------------------------------------------------
12:20:58 Поиск купюроприемника
12:20:58 Поиск доступных портов...
12:20:58 Поиск eba на порту COM3...
12:20:58 отправка команды EBA03.EBA03_Commands.VersionRequest
12:20:58 не получен ожидаемый ответ...
12:20:58 Закрытие eba
12:20:58 Поиск CashCode на порту COM3
12:20:59 отправка команды CashCode_CCNET.CCNET_Commands.POOL
12:20:59 получен ответ NULL
12:20:59 отправка команды CashCode_CCNET.CCNET_Commands.IDENT
12:20:59 получен ответ NULL
12:20:59 не получен ожидаемый ответ...
12:20:59 закрытие ccnet...
12:20:59 Выход
12:21:28 
-------------------------------------------------------
12:21:28 Поиск купюроприемника
12:21:28 Поиск доступных портов...
12:21:28 Поиск eba на порту COM3...
12:21:28 отправка команды EBA03.EBA03_Commands.VersionRequest
12:21:28 не получен ожидаемый ответ...
12:21:28 Закрытие eba
12:21:28 Поиск CashCode на порту COM3
12:21:28 отправка команды CashCode_CCNET.CCNET_Commands.POOL
12:21:28 получен ответ NULL
12:21:28 отправка команды CashCode_CCNET.CCNET_Commands.IDENT
12:21:28 получен ответ NULL
12:21:28 не получен ожидаемый ответ...
12:21:28 закрытие ccnet...
12:21:28 Выход
12:27:10 
-------------------------------------------------------
12:27:10 Поиск купюроприемника
12:27:10 Поиск доступных портов...
12:27:10 Поиск eba на порту COM3...
12:27:10 отправка команды EBA03.EBA03_Commands.VersionRequest
12:27:10 не получен ожидаемый ответ...
12:27:10 Закрытие eba
12:27:10 Поиск CashCode на порту COM3
12:27:10 отправка команды CashCode_CCNET.CCNET_Commands.POOL
12:27:10 получен ответ NULL
12:27:10 отправка команды CashCode_CCNET.CCNET_Commands.IDENT
12:27:10 получен ответ NULL
12:27:10 не получен ожидаемый ответ...
12:27:10 закрытие ccnet...
12:27:10 Выход
12:28:14 
-------------------------------------------------------
12:28:14 Поиск купюроприемника
12:28:14 Поиск доступных портов...
12:28:14 Поиск eba на порту COM3...
12:28:14 отправка команды EBA03.EBA03_Commands.VersionRequest
12:28:15 не получен ожидаемый ответ...
12:28:15 Закрытие eba
12:28:15 Поиск CashCode на порту COM3
12:28:15 отправка команды CashCode_CCNET.CCNET_Commands.POOL
12:28:15 получен ответ NULL
12:28:15 отправка команды CashCode_CCNET.CCNET_Commands.IDENT
12:28:15 получен ответ NULL
12:28:15 не получен ожидаемый ответ...
12:28:15 закрытие ccnet...
12:28:15 Выход
12:28:58 
-------------------------------------------------------
12:28:58 Поиск купюроприемника
12:28:58 Поиск доступных портов...
12:28:58 Поиск eba на порту COM3...
12:28:58 отправка команды EBA03.EBA03_Commands.VersionRequest
12:28:58 не получен ожидаемый ответ...
12:28:58 Закрытие eba
12:28:58 Поиск CashCode на порту COM3
12:28:58 отправка команды CashCode_CCNET.CCNET_Commands.POOL
12:28:58 получен ответ NULL
12:28:58 отправка команды CashCode_CCNET.CCNET_Commands.IDENT
12:28:58 получен ответ NULL
12:28:58 не получен ожидаемый ответ...
12:28:58 закрытие ccnet...
12:28:58 Выход
12:29:27 
-------------------------------------------------------
12:29:27 Поиск купюроприемника
12:29:27 Поиск доступных портов...
12:29:27 Поиск eba на порту COM3...
12:29:27 отправка команды EBA03.EBA03_Commands.VersionRequest
12:29:27 не получен ожидаемый ответ...
12:29:27 Закрытие eba
12:29:27 Поиск CashCode на порту COM3
12:29:27 отправка команды CashCode_CCNET.CCNET_Commands.POOL
12:29:27 получен ответ NULL
12:29:27 отправка команды CashCode_CCNET.CCNET_Commands.IDENT
12:29:27 получен ответ NULL
12:29:27 не получен ожидаемый ответ...
12:29:27 закрытие ccnet...
12:29:27 Выход
12:30:20 
-------------------------------------------------------
12:30:20 Поиск купюроприемника
12:30:20 Поиск доступных портов...
12:30:20 Поиск eba на порту COM3...
12:30:20 отправка команды EBA03.EBA03_Commands.VersionRequest
12:30:21 не получен ожидаемый ответ...
12:30:21 Закрытие eba
12:30:21 Поиск CashCode на порту COM3
12:30:21 отправка команды CashCode_CCNET.CCNET_Commands.POOL
12:30:21 получен ответ NULL
12:30:21 отправка команды CashCode_CCNET.CCNET_Commands.IDENT
12:30:21 получен ответ NULL
12:30:21 не получен ожидаемый ответ...
12:30:21 закрытие ccnet...
12:30:21 Выход
12:33:16 
-------------------------------------------------------
12:33:16 Поиск купюроприемника
12:33:16 Поиск доступных портов...
12:33:16 Поиск eba на порту COM3...
12:33:16 отправка команды EBA03.EBA03_Commands.VersionRequest
12:33:17 не получен ожидаемый ответ...
12:33:17 Закрытие eba
12:33:17 Поиск CashCode на порту COM3
12:33:17 отправка команды CashCode_CCNET.CCNET_Commands.POOL
12:33:17 получен ответ NULL
12:33:17 отправка команды CashCode_CCNET.CCNET_Commands.IDENT
12:33:17 получен ответ NULL
12:33:17 не получен ожидаемый ответ...
12:33:17 закрытие ccnet...
12:33:17 Выход
12:34:15 
-------------------------------------------------------
12:34:15 Поиск купюроприемника
12:34:15 Поиск доступных портов...
12:34:15 Поиск eba на порту COM3...
12:34:15 отправка команды EBA03.EBA03_Commands.VersionRequest
12:34:16 не получен ожидаемый ответ...
12:34:16 Закрытие eba
12:34:16 Поиск CashCode на порту COM3
12:34:16 отправка команды CashCode_CCNET.CCNET_Commands.POOL
12:34:16 получен ответ NULL
12:34:16 отправка команды CashCode_CCNET.CCNET_Commands.IDENT
12:34:16 получен ответ NULL
12:34:16 не получен ожидаемый ответ...
12:34:16 закрытие ccnet...
12:34:16 Выход
12:35:26 
-------------------------------------------------------
12:35:26 Поиск купюроприемника
12:35:26 Поиск доступных портов...
12:35:26 Поиск eba на порту COM3...
12:35:26 отправка команды EBA03.EBA03_Commands.VersionRequest
12:35:26 не получен ожидаемый ответ...
12:35:26 Закрытие eba
12:35:26 Поиск CashCode на порту COM3
12:35:26 отправка команды CashCode_CCNET.CCNET_Commands.POOL
12:35:26 получен ответ NULL
12:35:26 отправка команды CashCode_CCNET.CCNET_Commands.IDENT
12:35:26 получен ответ NULL
12:35:26 не получен ожидаемый ответ...
12:35:26 закрытие ccnet...
12:35:26 Выход
12:36:26 
-------------------------------------------------------
12:36:26 Поиск купюроприемника
12:36:26 Поиск доступных портов...
12:36:26 Поиск eba на порту COM3...
12:36:26 отправка команды EBA03.EBA03_Commands.VersionRequest
12:36:26 не получен ожидаемый ответ...
12:36:26 Закрытие eba
12:36:26 Поиск CashCode на порту COM3
12:36:26 отправка команды CashCode_CCNET.CCNET_Commands.POOL
12:36:26 получен ответ NULL
12:36:26 отправка команды CashCode_CCNET.CCNET_Commands.IDENT
12:36:26 получен ответ NULL
12:36:26 не получен ожидаемый ответ...
12:36:26 закрытие ccnet...
12:36:26 Выход
12:37:59 
-------------------------------------------------------
12:37:59 Поиск купюроприемника
12:37:59 Поиск доступных портов...
12:37:59 Поиск eba на порту COM3...
12:37:59 отправка команды EBA03.EBA03_Commands.VersionRequest
12:38:00 не получен ожидаемый ответ...
12:38:00 Закрытие eba
12:38:00 Поиск CashCode на порту COM3
12:38:00 отправка команды CashCode_CCNET.CCNET_Commands.POOL
12:38:00 получен ответ NULL
12:38:00 отправка команды CashCode_CCNET.CCNET_Commands.IDENT
12:38:00 получен ответ NULL
12:38:00 не получен ожидаемый ответ...
12:38:00 закрытие ccnet...
12:38:00 Выход
12:40:00 
-------------------------------------------------------
12:40:00 Поиск купюроприемника
12:40:00 Поиск доступных портов...
12:40:00 Выход
12:41:30 
-------------------------------------------------------
12:41:30 Поиск купюроприемника
12:41:30 Поиск доступных портов...
12:41:30 Выход
12:42:55 
-------------------------------------------------------
12:42:55 Поиск купюроприемника
12:42:55 Поиск доступных портов...
12:42:55 Выход
12:44:56 
-------------------------------------------------------
12:44:56 Поиск купюроприемника
12:44:56 Поиск доступных портов...
12:44:56 Выход
12:47:11 
-------------------------------------------------------
12:47:11 Поиск купюроприемника
12:47:11 Поиск доступных портов...
12:47:11 Выход
12:48:55 
-------------------------------------------------------
12:48:55 Поиск купюроприемника
12:48:55 Поиск доступных портов...
12:48:55 Выход
12:56:30 
-------------------------------------------------------
12:56:30 Поиск купюроприемника
12:56:30 Поиск доступных портов...
12:56:30 Выход
12:57:13 
-------------------------------------------------------
12:57:13 Поиск купюроприемника
12:57:13 Поиск доступных портов...
12:57:13 Выход
12:57:28 
-------------------------------------------------------
12:57:28 Поиск купюроприемника
12:57:28 Поиск доступных портов...
12:57:28 Выход
12:57:57 
-------------------------------------------------------
12:57:57 Поиск купюроприемника
12:57:57 Поиск доступных портов...
12:57:57 Выход
12:58:11 
-------------------------------------------------------
12:58:11 Поиск купюроприемника
12:58:11 Поиск доступных портов...
12:58:11 Выход
12:59:14 
-------------------------------------------------------
12:59:14 Поиск купюроприемника
12:59:14 Поиск доступных портов...
12:59:14 Выход
12:59:45 
-------------------------------------------------------
12:59:45 Поиск купюроприемника
12:59:45 Поиск доступных портов...
12:59:45 Выход
